TN:
SF:/Users/myao/Desktop/github/lodash-like/src/index.js
FNF:0
FNH:0
DA:4,1
DA:5,1
DA:6,1
DA:8,1
DA:9,2
DA:10,2
DA:12,2
DA:13,1
DA:15,1
DA:16,1
DA:17,2
DA:18,2
DA:20,2
DA:21,1
DA:22,1
DA:24,1
LF:16
LH:16
BRDA:12,0,0,1
BRDA:12,0,1,1
BRDA:15,1,0,1
BRDA:15,1,1,0
BRDA:20,2,0,1
BRDA:20,2,1,1
BRDA:20,3,0,2
BRDA:20,3,1,2
BRDA:20,3,2,2
BRDA:24,4,0,1
BRDA:24,4,1,0
BRF:11
BRH:9
end_of_record
TN:
SF:/Users/myao/Desktop/github/lodash-like/src/array/chunk.js
FN:11,(anonymous_0)
FN:17,(anonymous_1)
FN:25,(anonymous_2)
FNF:3
FNH:3
FNDA:18,(anonymous_0)
FNDA:4,(anonymous_1)
FNDA:20,(anonymous_2)
DA:12,18
DA:14,18
DA:15,11
DA:16,9
DA:17,4
DA:20,7
DA:21,7
DA:22,7
DA:23,7
DA:25,7
DA:26,20
DA:28,20
DA:29,20
DA:31,20
LF:14
LH:14
BRDA:11,0,0,4
BRDA:14,1,0,7
BRDA:14,1,1,11
BRDA:14,2,0,18
BRDA:14,2,1,14
BRDA:15,3,0,2
BRDA:15,3,1,9
BRDA:16,4,0,2
BRDA:16,4,1,7
BRDA:21,5,0,3
BRDA:21,5,1,4
BRF:11
BRH:11
end_of_record
