TN:
SF:/Users/myao/Desktop/github/lodash-like/src/array/chunk.js
FN:11,(anonymous_0)
FN:17,(anonymous_1)
FN:25,(anonymous_2)
FNF:3
FNH:3
FNDA:18,(anonymous_0)
FNDA:4,(anonymous_1)
FNDA:20,(anonymous_2)
DA:12,18
DA:14,18
DA:15,11
DA:16,9
DA:17,4
DA:20,7
DA:21,7
DA:22,7
DA:23,7
DA:25,7
DA:26,20
DA:28,20
DA:29,20
DA:31,20
LF:14
LH:14
BRDA:11,0,0,4
BRDA:14,1,0,7
BRDA:14,1,1,11
BRDA:14,2,0,18
BRDA:14,2,1,14
BRDA:15,3,0,2
BRDA:15,3,1,9
BRDA:16,4,0,2
BRDA:16,4,1,7
BRDA:21,5,0,3
BRDA:21,5,1,4
BRF:11
BRH:11
end_of_record
